<?xml version="1.0" encoding="UTF-8"?>
<robot generator="Robot 7.0.1 (Python 3.12.1 on win32)" generated="2025-09-22T12:10:12.803917" rpa="false" schemaversion="5">
<suite id="s1" name="Transaction Onboarding Regression Suite" source="C:\Users\sharmash\automation-framwork\tests\api\transaction_onboarding_regression_suite.robot">
<kw name="Filter Test Date By Execution Flag" owner="ExcelUtils" type="SETUP">
<msg time="2025-09-22T12:10:25.569935" level="INFO">Filtered data (execution_flag == 'YES') written below existing headers in 'output'.</msg>
<status status="PASS" start="2025-09-22T12:10:18.349839" elapsed="7.221056"/>
</kw>
<test id="s1-t1" name="Perform Systematic Premium Setup Process for client Everly testID: TC_015" line="20">
<kw name="Add Project Root To Python Path" type="SETUP">
<kw name="Normalize Path" owner="OperatingSystem">
<msg time="2025-09-22T12:10:25.577939" level="INFO">${project_root} = C:\Users\sharmash\automation-framwork</msg>
<var>${project_root}</var>
<arg>C:\\Users\\sharmash\\automation-framwork\\tests\\api/../../</arg>
<doc>Normalizes the given path.</doc>
<status status="PASS" start="2025-09-22T12:10:25.577939" elapsed="0.000000"/>
</kw>
<kw name="Evaluate" owner="BuiltIn">
<arg>sys.path.insert(0, r'${project_root}')</arg>
<arg>sys</arg>
<doc>Evaluates the given expression in Python and returns the result.</doc>
<status status="PASS" start="2025-09-22T12:10:25.583896" elapsed="0.000999"/>
</kw>
<status status="PASS" start="2025-09-22T12:10:25.576923" elapsed="0.008974"/>
</kw>
<kw name="Perform Transaction Onboarding Automation Flow">
<kw name="Transaction Onboarding Automation Process">
<kw name="Transaction Onboarding Automation Flow Until Lifecycle Completion" owner="ZinniaLive">
<msg time="2025-09-22T12:10:25.590894" level="INFO">Executing Systematic Premium Setup until lifecycle completion only</msg>
<msg time="2025-09-22T12:10:25.590894" level="INFO">Perform Policy Creation Process</msg>
<msg time="2025-09-22T12:10:25.590894" level="INFO">-----------------------------------------------------------</msg>
<msg time="2025-09-22T12:10:25.590894" level="INFO">Opening browser 'chrome' to base url 'https://qa-zahara-ui.zinnia.io/#/app/policy'.</msg>
<msg time="2025-09-22T12:10:32.519178" level="INFO">Typing text 'kapil.suthar@zinnia.com' into text field '//input[@id='username']'.</msg>
<msg time="2025-09-22T12:10:32.596741" level="INFO">Clicking element '//button[@type='submit']'.</msg>
<msg time="2025-09-22T12:11:04.074813" level="INFO">Policy has been uploaded successfully on Zahara</msg>
<msg time="2025-09-22T12:12:12.143382" level="FAIL">Element '//button[normalize-space()='Refresh']' not visible after 1 minute.</msg>
<arg>${automation_flow}</arg>
<arg>${old_xml_file_name}</arg>
<arg>${manage_autopay_contract_number}</arg>
<arg>${payee_name}</arg>
<arg>${expected_policy_status}</arg>
<arg>${start_loan_amount}</arg>
<arg>${loan_autopay_amount}</arg>
<arg>${Payment_frequency}</arg>
<arg>${loan_repayment_amount}</arg>
<arg>${payment_mode}</arg>
<arg>${fund_allocation_type}</arg>
<arg>${expected_account_name}</arg>
<arg>${expected_account_number}</arg>
<arg>${loan_manage_autopay_amount}</arg>
<arg>${Manage_payment_frequency}</arg>
<arg>${fix_fund_allocation_percent}</arg>
<arg>${cap_account_allocation_percent}</arg>
<arg>${participation_rate_allocation_percent}</arg>
<arg>${client_name}</arg>
<arg>${client_plan_code}</arg>
<arg>${transfer_amount}</arg>
<arg>${systematic_withdrawal_and_rmd_amount}</arg>
<arg>${systematic_premium_update_amount}</arg>
<arg>${systematic_withdrawal_update_amount}</arg>
<arg>${systematic_rmd_update_amount}</arg>
<arg>${preferred_communication}</arg>
<status status="FAIL" start="2025-09-22T12:10:25.589894" elapsed="106.562457">Element '//button[normalize-space()='Refresh']' not visible after 1 minute.</status>
</kw>
<arg>${automation_flow}</arg>
<arg>${old_xml_file_name}</arg>
<arg>${manage_autopay_contract_number}</arg>
<arg>${payee_name}</arg>
<arg>${expected_policy_status}</arg>
<arg>${start_loan_amount}</arg>
<arg>${loan_autopay_amount}</arg>
<arg>${Payment_frequency}</arg>
<arg>${loan_repayment_amount}</arg>
<arg>${payment_mode}</arg>
<arg>${fund_allocation_type}</arg>
<arg>${expected_account_name}</arg>
<arg>${expected_account_number}</arg>
<arg>${loan_manage_autopay_amount}</arg>
<arg>${Manage_payment_frequency}</arg>
<arg>${fix_fund_allocation_percent}</arg>
<arg>${cap_account_allocation_percent}</arg>
<arg>${participation_rate_allocation_percent}</arg>
<arg>${client_name}</arg>
<arg>${client_plan_code}</arg>
<arg>${transfer_amount}</arg>
<arg>${systematic_withdrawal_and_rmd_amount}</arg>
<arg>${systematic_premium_update_amount}</arg>
<arg>${systematic_withdrawal_update_amount}</arg>
<arg>${systematic_rmd_update_amount}</arg>
<arg>${preferred_communication}</arg>
<status status="FAIL" start="2025-09-22T12:10:25.587894" elapsed="106.569443">Element '//button[normalize-space()='Refresh']' not visible after 1 minute.</status>
</kw>
<arg>('TestId', 'TC_015')</arg>
<arg>('automation_flow', 'Systematic Premium Setup')</arg>
<arg>('client_name', 'Everly')</arg>
<arg>('client_plan_code', 'ELIULV01')</arg>
<arg>('old_xml_file_name', 'ZLC1230196')</arg>
<arg>('manage_autopay_contract_number', '')</arg>
<arg>('payee_name', '')</arg>
<arg>('expected_policy_status', 'ACTIVE')</arg>
<arg>('start_loan_amount', '')</arg>
<arg>('loan_repayment_amount', '')</arg>
<arg>('loan_autopay_amount', '')</arg>
<arg>('loan_manage_autopay_amount', '')</arg>
<arg>('systematic_premium_update_amount', '')</arg>
<arg>('systematic_withdrawal_update_amount', '')</arg>
<arg>('systematic_rmd_update_amount', '')</arg>
<arg>('Payment_frequency', '')</arg>
<arg>('Manage_payment_frequency', '')</arg>
<arg>('payment_mode', '')</arg>
<arg>('fund_allocation_type', '')</arg>
<arg>('expected_account_name', '')</arg>
<arg>('expected_account_number', '')</arg>
<arg>('fix_fund_allocation_percent', '')</arg>
<arg>('cap_account_allocation_percent', '')</arg>
<arg>('participation_rate_allocation_percent', '')</arg>
<arg>('transfer_amount', '')</arg>
<arg>('systematic_withdrawal_and_rmd_amount', '')</arg>
<arg>('preferred_communication', '')</arg>
<status status="FAIL" start="2025-09-22T12:10:25.585897" elapsed="106.571440">Element '//button[normalize-space()='Refresh']' not visible after 1 minute.</status>
</kw>
<kw name="Close Browser" owner="SeleniumLibrary" type="TEARDOWN">
<doc>Closes the current browser.</doc>
<status status="PASS" start="2025-09-22T12:12:12.158403" elapsed="2.269414"/>
</kw>
<status status="FAIL" start="2025-09-22T12:10:25.574933" elapsed="108.854001">Element '//button[normalize-space()='Refresh']' not visible after 1 minute.</status>
</test>
<kw name="Close All Browsers" owner="SeleniumLibrary" type="TEARDOWN">
<doc>Closes all open browsers and resets the browser cache.</doc>
<status status="PASS" start="2025-09-22T12:12:14.436823" elapsed="0.001048"/>
</kw>
<meta name="Environment">dev</meta>
<meta name="Test_Suite">transaction_onboarding_regression_suite.robot</meta>
<meta name="Test_Type">smoke</meta>
<status status="FAIL" start="2025-09-22T12:10:12.852918" elapsed="121.584953"/>
</suite>
<statistics>
<total>
<stat pass="0" fail="1" skip="0">All Tests</stat>
</total>
<tag>
</tag>
<suite>
<stat pass="0" fail="1" skip="0" id="s1" name="Transaction Onboarding Regression Suite">Transaction Onboarding Regression Suite</stat>
</suite>
</statistics>
<errors>
<msg time="2025-09-22T12:10:12.847917" level="ERROR">Taking listener 'allure_console_listener.AllureConsoleListener:results/run_20250922_121012\allure-results' into use failed: Importing listener 'allure_console_listener.AllureConsoleListener' failed: ModuleNotFoundError: No module named 'allure_console_listener'
Traceback (most recent call last):
  None
PYTHONPATH:
  C:\Program Files\Python312\Scripts\robot.exe
  c:\Users\sharmash\Downloads\QAS-ZinniaLive-AutomationTesting (1)\QAS-ZinniaLive-AutomationTesting
  C:\Users\sharmash\automation-framwork\%PYTHONPATH%
  C:\Program Files\Python312\python312.zip
  C:\Program Files\Python312\DLLs
  C:\Program Files\Python312\Lib
  C:\Program Files\Python312
  C:\Users\sharmash\AppData\Roaming\Python\Python312\site-packages
  C:\Users\sharmash\AppData\Roaming\Python\Python312\site-packages\win32
  C:\Users\sharmash\AppData\Roaming\Python\Python312\site-packages\win32\lib
  C:\Users\sharmash\AppData\Roaming\Python\Python312\site-packages\Pythonwin
  C:\Program Files\Python312\Lib\site-packages</msg>
<msg time="2025-09-22T12:10:12.849917" level="ERROR">Taking listener 'DebugLibrary' into use failed: Importing listener 'DebugLibrary' failed: ModuleNotFoundError: No module named 'DebugLibrary'
Traceback (most recent call last):
  None
PYTHONPATH:
  C:\Program Files\Python312\Scripts\robot.exe
  c:\Users\sharmash\Downloads\QAS-ZinniaLive-AutomationTesting (1)\QAS-ZinniaLive-AutomationTesting
  C:\Users\sharmash\automation-framwork\%PYTHONPATH%
  C:\Program Files\Python312\python312.zip
  C:\Program Files\Python312\DLLs
  C:\Program Files\Python312\Lib
  C:\Program Files\Python312
  C:\Users\sharmash\AppData\Roaming\Python\Python312\site-packages
  C:\Users\sharmash\AppData\Roaming\Python\Python312\site-packages\win32
  C:\Users\sharmash\AppData\Roaming\Python\Python312\site-packages\win32\lib
  C:\Users\sharmash\AppData\Roaming\Python\Python312\site-packages\Pythonwin
  C:\Program Files\Python312\Lib\site-packages</msg>
</errors>
</robot>
